<?xml version="1.0" encoding="UTF-8"?>
<!-- Generated by org.testng.reporters.JUnitXMLReporter -->
<testsuite ignored="0" hostname="DESKTOP-HP2F03R" failures="0" tests="9" name="Default test" time="31.518" errors="0" timestamp="14 Feb 2021 13:06:08 GMT">
  <testcase classname="com.w2a.testcases.AddCustomerTest" name="addCustomer" time="16.415"/>
  <testcase classname="com.w2a.testcases.AddCustomerTest" name="addCustomer" time="11.028"/>
  <testcase classname="com.w2a.testcases.AddCustomerTest" name="addCustomer" time="0.67"/>
  <testcase classname="com.w2a.testcases.AddCustomerTest" name="addCustomer" time="0.462"/>
  <testcase classname="com.w2a.testcases.AddCustomerTest" name="addCustomer" time="0.591"/>
  <testcase classname="com.w2a.testcases.AddCustomerTest" name="addCustomer" time="0.436"/>
  <testcase classname="com.w2a.testcases.AddCustomerTest" name="addCustomer" time="0.429"/>
  <testcase classname="com.w2a.testcases.AddCustomerTest" name="addCustomer" time="0.536"/>
  <testcase classname="com.w2a.testcases.AddCustomerTest" name="addCustomer" time="0.656"/>
</testsuite> <!-- Default test -->
