<?xml version="1.0" encoding="UTF-8"?>
<!-- Generated by org.testng.reporters.JUnitXMLReporter -->
<testsuite ignored="0" hostname="DESKTOP-HP2F03R" failures="0" tests="9" name="Add Customer Test" time="14.151" errors="0" timestamp="14 Feb 2021 17:32:17 GMT">
  <testcase classname="com.w2a.testcases.AddCustomerTest" name="addCustomer" time="11.118"/>
  <testcase classname="com.w2a.testcases.AddCustomerTest" name="addCustomer" time="0.474"/>
  <testcase classname="com.w2a.testcases.AddCustomerTest" name="addCustomer" time="0.345"/>
  <testcase classname="com.w2a.testcases.AddCustomerTest" name="addCustomer" time="0.373"/>
  <testcase classname="com.w2a.testcases.AddCustomerTest" name="addCustomer" time="0.33"/>
  <testcase classname="com.w2a.testcases.AddCustomerTest" name="addCustomer" time="0.298"/>
  <testcase classname="com.w2a.testcases.AddCustomerTest" name="addCustomer" time="0.264"/>
  <testcase classname="com.w2a.testcases.AddCustomerTest" name="addCustomer" time="0.328"/>
  <testcase classname="com.w2a.testcases.AddCustomerTest" name="addCustomer" time="0.375"/>
</testsuite> <!-- Add Customer Test -->
