<?xml version="1.0" encoding="UTF-8"?>
<!-- Generated by org.testng.reporters.JUnitXMLReporter -->
<testsuite ignored="0" hostname="DESKTOP-HP2F03R" failures="1" tests="1" name="Bank Manager Login Test" time="15.313" errors="0" timestamp="14 Feb 2021 17:36:10 GMT">
  <testcase classname="com.w2a.testcases.BankManagerLoginTest" name="loginAsBankManager" time="0.903">
    <failure type="java.lang.AssertionError" message="Login Not successfull expected [false] but found [true]">
      <![CDATA[java.lang.AssertionError: Login Not successfull expected [false] but found [true]
at com.w2a.testcases.BankManagerLoginTest.loginAsBankManager(BankManagerLoginTest.java:19)
... Removed 28 stack frames]]>
    </failure>
  </testcase> <!-- loginAsBankManager -->
</testsuite> <!-- Bank Manager Login Test -->
